\\vboxsvr\xop_toolkit_7\igorxops7\svm\vc\release\svm.pdb
\\vboxsvr\xop_toolkit_7\igorxops7\svm\vc\release\svm.sbr
\\vboxsvr\xop_toolkit_7\igorxops7\svm\vc\release\_svm.sbr
\\vboxsvr\xop_toolkit_7\igorxops7\svm\vc\svm.bsc
\\vboxsvr\xop_toolkit_7\igorxops7\svm\vc\release\svm.lib
\\vboxsvr\xop_toolkit_7\igorxops7\svm\vc\release\svm.exp
\\vboxsvr\xop_toolkit_7\igorxops7\svm\vc\release\vc141.pdb
\\vboxsvr\xop_toolkit_7\igorxops7\svm\vc\release\_svm.obj
\\vboxsvr\xop_toolkit_7\igorxops7\svm\vc\release\svm.obj
\\vboxsvr\xop_toolkit_7\igorxops7\svm\vc\release\svm.res
\\vboxsvr\xop_toolkit_7\igorxops7\svm\vc\release\.\svm.pdb
\\vboxsvr\xop_toolkit_7\igorxops7\svm\vc\.\svm.xop
\\vboxsvr\xop_toolkit_7\igorxops7\svm\vc\release\svm.tlog\link.read.1.tlog
\\vboxsvr\xop_toolkit_7\igorxops7\svm\vc\release\svm.tlog\link.command.1.tlog
\\vboxsvr\xop_toolkit_7\igorxops7\svm\vc\release\svm.tlog\rc.command.1.tlog
\\vboxsvr\xop_toolkit_7\igorxops7\svm\vc\release\svm.tlog\link.write.1.tlog
\\vboxsvr\xop_toolkit_7\igorxops7\svm\vc\release\svm.tlog\link.delete.1.tlog
\\vboxsvr\xop_toolkit_7\igorxops7\svm\vc\release\svm.tlog\cl.read.1.tlog
\\vboxsvr\xop_toolkit_7\igorxops7\svm\vc\release\svm.tlog\rc.write.1.tlog
\\vboxsvr\xop_toolkit_7\igorxops7\svm\vc\release\svm.tlog\bscmake.write.1.tlog
\\vboxsvr\xop_toolkit_7\igorxops7\svm\vc\release\svm.tlog\bscmake.command.1.tlog
\\vboxsvr\xop_toolkit_7\igorxops7\svm\vc\release\svm.tlog\cl.command.1.tlog
\\vboxsvr\xop_toolkit_7\igorxops7\svm\vc\release\svm.tlog\rc.read.1.tlog
\\vboxsvr\xop_toolkit_7\igorxops7\svm\vc\release\svm.tlog\svm.write.1u.tlog
\\vboxsvr\xop_toolkit_7\igorxops7\svm\vc\release\svm.tlog\bscmake.read.1.tlog
\\vboxsvr\xop_toolkit_7\igorxops7\svm\vc\release\svm.tlog\cl.write.1.tlog
