\\vboxsvr\xop_toolkit_7\igorxops7\svm\vc\svm64.ilk
\\vboxsvr\xop_toolkit_7\igorxops7\svm\vc\x64\debug\svm64.pdb
\\vboxsvr\xop_toolkit_7\igorxops7\svm\vc\x64\debug\svm.sbr
\\vboxsvr\xop_toolkit_7\igorxops7\svm\vc\svm64.bsc
\\vboxsvr\xop_toolkit_7\igorxops7\svm\vc\x64\debug\vc140.pdb
\\vboxsvr\xop_toolkit_7\igorxops7\svm\vc\x64\debug\svm.obj
\\vboxsvr\xop_toolkit_7\igorxops7\svm\vc\x64\debug\svm.res
\\vboxsvr\xop_toolkit_7\igorxops7\svm\vc\x64\debug\.\svm64.pdb
\\vboxsvr\xop_toolkit_7\igorxops7\svm\vc\.\svm64.xop
\\vboxsvr\xop_toolkit_7\igorxops7\svm\vc\x64\debug\svm.tlog\link.read.1.tlog
\\vboxsvr\xop_toolkit_7\igorxops7\svm\vc\x64\debug\svm.tlog\link.command.1.tlog
\\vboxsvr\xop_toolkit_7\igorxops7\svm\vc\x64\debug\svm.tlog\rc.command.1.tlog
\\vboxsvr\xop_toolkit_7\igorxops7\svm\vc\x64\debug\svm.tlog\link.write.1.tlog
\\vboxsvr\xop_toolkit_7\igorxops7\svm\vc\x64\debug\svm.tlog\cl.read.1.tlog
\\vboxsvr\xop_toolkit_7\igorxops7\svm\vc\x64\debug\svm.tlog\rc.write.1.tlog
\\vboxsvr\xop_toolkit_7\igorxops7\svm\vc\x64\debug\svm.tlog\bscmake.write.1.tlog
\\vboxsvr\xop_toolkit_7\igorxops7\svm\vc\x64\debug\svm.tlog\bscmake.command.1.tlog
\\vboxsvr\xop_toolkit_7\igorxops7\svm\vc\x64\debug\svm.tlog\cl.command.1.tlog
\\vboxsvr\xop_toolkit_7\igorxops7\svm\vc\x64\debug\svm.tlog\rc.read.1.tlog
\\vboxsvr\xop_toolkit_7\igorxops7\svm\vc\x64\debug\svm.tlog\bscmake.read.1.tlog
\\vboxsvr\xop_toolkit_7\igorxops7\svm\vc\x64\debug\svm.tlog\cl.write.1.tlog
