\\vboxsvr\xop_toolkit_7\igorxops7\svm\vc\svm.ilk
\\vboxsvr\xop_toolkit_7\igorxops7\svm\vc\svm.xop
\\vboxsvr\xop_toolkit_7\igorxops7\svm\vc\debug\svm.pdb
\\vboxsvr\xop_toolkit_7\igorxops7\svm\vc\debug\_svm.sbr
\\vboxsvr\xop_toolkit_7\igorxops7\svm\vc\svm.bsc
\\vboxsvr\xop_toolkit_7\igorxops7\svm\vc\debug\svm.lib
\\vboxsvr\xop_toolkit_7\igorxops7\svm\vc\debug\svm.exp
\\vboxsvr\xop_toolkit_7\igorxops7\svm\vc\debug\vc141.pdb
\\vboxsvr\xop_toolkit_7\igorxops7\svm\vc\debug\svm.sbr
\\vboxsvr\xop_toolkit_7\igorxops7\svm\vc\debug\svm.obj
\\vboxsvr\xop_toolkit_7\igorxops7\svm\vc\debug\_svm.obj
\\vboxsvr\xop_toolkit_7\igorxops7\svm\vc\debug\svm.res
\\vboxsvr\xop_toolkit_7\igorxops7\svm\vc\debug\svm.nativecodeanalysis.xml
\\vboxsvr\xop_toolkit_7\igorxops7\svm\vc\debug\.\svm.pdb
\\vboxsvr\xop_toolkit_7\igorxops7\svm\vc\.\svm.xop
\\vboxsvr\xop_toolkit_7\igorxops7\svm\vc\debug\svm.tlog\link.read.1.tlog
\\vboxsvr\xop_toolkit_7\igorxops7\svm\vc\debug\svm.tlog\link.command.1.tlog
\\vboxsvr\xop_toolkit_7\igorxops7\svm\vc\debug\svm.tlog\rc.command.1.tlog
\\vboxsvr\xop_toolkit_7\igorxops7\svm\vc\debug\svm.tlog\link.write.1.tlog
\\vboxsvr\xop_toolkit_7\igorxops7\svm\vc\debug\svm.tlog\cl.read.1.tlog
\\vboxsvr\xop_toolkit_7\igorxops7\svm\vc\debug\svm.tlog\rc.write.1.tlog
\\vboxsvr\xop_toolkit_7\igorxops7\svm\vc\debug\svm.tlog\bscmake.write.1.tlog
\\vboxsvr\xop_toolkit_7\igorxops7\svm\vc\debug\svm.tlog\bscmake.command.1.tlog
\\vboxsvr\xop_toolkit_7\igorxops7\svm\vc\debug\svm.tlog\cl.command.1.tlog
\\vboxsvr\xop_toolkit_7\igorxops7\svm\vc\debug\svm.tlog\rc.read.1.tlog
\\vboxsvr\xop_toolkit_7\igorxops7\svm\vc\debug\svm.tlog\svm.write.1u.tlog
\\vboxsvr\xop_toolkit_7\igorxops7\svm\vc\debug\svm.tlog\bscmake.read.1.tlog
\\vboxsvr\xop_toolkit_7\igorxops7\svm\vc\debug\svm.tlog\cl.write.1.tlog
